0 info it worked if it ends with ok
1 verbose cli [ '/usr/local/bin/node', '/usr/local/bin/npm', 'publish', './' ]
2 info using npm@3.3.12
3 info using node@v5.4.1
4 verbose publish [ './' ]
5 silly cache add args [ './', null ]
6 verbose cache add spec ./
7 silly cache add parsed spec Result {
7 silly cache add   raw: './',
7 silly cache add   scope: null,
7 silly cache add   name: null,
7 silly cache add   rawSpec: './',
7 silly cache add   spec: '/home/pi/NodeJS/node-red-contrib-turf',
7 silly cache add   type: 'directory' }
8 verbose addLocalDirectory /root/.npm/node-red-contrib-turf/0.0.3/package.tgz not in flight; packing
9 info lifecycle node-red-contrib-turf@0.0.3~prepublish: node-red-contrib-turf@0.0.3
10 silly lifecycle node-red-contrib-turf@0.0.3~prepublish: no script for prepublish, continuing
11 verbose tar pack [ '/root/.npm/node-red-contrib-turf/0.0.3/package.tgz',
11 verbose tar pack   '/home/pi/NodeJS/node-red-contrib-turf' ]
12 verbose tarball /root/.npm/node-red-contrib-turf/0.0.3/package.tgz
13 verbose folder /home/pi/NodeJS/node-red-contrib-turf
14 verbose addLocalTarball adding from inside cache /root/.npm/node-red-contrib-turf/0.0.3/package.tgz
15 silly cache afterAdd node-red-contrib-turf@0.0.3
16 verbose afterAdd /root/.npm/node-red-contrib-turf/0.0.3/package/package.json not in flight; writing
17 verbose afterAdd /root/.npm/node-red-contrib-turf/0.0.3/package/package.json written
18 silly publish { name: 'node-red-contrib-turf',
18 silly publish   version: '0.0.3',
18 silly publish   description: 'Node Red integration for TurfJS',
18 silly publish   main: 'turf-node.js',
18 silly publish   scripts: { test: 'echo "Error: no test specified" && exit 1' },
18 silly publish   'node-red': { nodes: { turf: 'turf-node.js' } },
18 silly publish   keywords: [ 'node-red', 'turf' ],
18 silly publish   author: { name: 'Bernd Loigge' },
18 silly publish   license: 'MIT',
18 silly publish   dependencies: { turf: '^2.0.2' },
18 silly publish   repository:
18 silly publish    { type: 'git',
18 silly publish      url: 'git+https://github.com/bloigge/node-red-contrib-turf.git' },
18 silly publish   readme: '# node-red-contrib-turf\n\n<p>A node which exposes all the awesome features of the <a target="_blank" href="http://turfjs.org/">Turf</a> Library for spatial analysis. <br>\n\n<h4>About Turf:</h4>\nTurf includes traditional spatial operations, helper functions for creating GeoJSON data, and data classification and statistics tools. <br>\nTurf uses GeoJSON for all geographic data. Turf expects the data to be standard WGS84 longitude, latitude coordinates. Check out <a target="_blank" href="geojson.io">geojson.io</a> for a tool to easily create this data. <br>\nMost Turf functions work with GeoJSON features. These are are pieces of data that represent a collection of properties (ie: population, elevation, zipcode, etc.) along with a geometry. GeoJSON has several geometry types such as:\n<ul>\n  <li>Point</li>\n  <li>LineString</li>\n  <li>Polygon</li>\n</ul>\n<h4>How to use the node:</h4>\nThe input message must contain a <code>msg.topic</code> which sets the turf function (<a target="_blank" href ="http://turfjs.org/static/docs/">Turf Functions</a>).<br>\nThe <code>mgs.payload</code> must be an array of input parameters. <br>\n<br>\nExample: <br>\nInput-msg for generating 100 random points within a given bounding box (<a target="_blank" href="http://turfjs.org/static/docs/module-turf_random.html">example from the docs</a>):\n<pre>\nmsg.topic = "random";\nmsg.payload = [\'points\', 100, {bbox: [-70, 40, -60, 60]}];\n</pre>\n\n</p>\n',
18 silly publish   readmeFilename: 'README.md',
18 silly publish   gitHead: 'ca2499e2e6a152481eb18db95146233576b84fc9',
18 silly publish   bugs: { url: 'https://github.com/bloigge/node-red-contrib-turf/issues' },
18 silly publish   homepage: 'https://github.com/bloigge/node-red-contrib-turf#readme',
18 silly publish   _id: 'node-red-contrib-turf@0.0.3',
18 silly publish   _shasum: '17f1c9b1236efe9f3e2d38f00275d851c514f0e7',
18 silly publish   _from: '.' }
19 verbose getPublishConfig undefined
20 silly mapToRegistry name node-red-contrib-turf
21 silly mapToRegistry using default registry
22 silly mapToRegistry registry https://registry.npmjs.org/
23 silly mapToRegistry uri https://registry.npmjs.org/node-red-contrib-turf
24 verbose publish registryBase https://registry.npmjs.org/
25 silly publish uploading /root/.npm/node-red-contrib-turf/0.0.3/package.tgz
26 verbose request uri https://registry.npmjs.org/node-red-contrib-turf
27 verbose request sending authorization for write operation
28 info attempt registry request try #1 at 07:51:50
29 verbose request using bearer token for auth
30 verbose request id 81c83fe7972f2bab
31 http request PUT https://registry.npmjs.org/node-red-contrib-turf
32 http 403 https://registry.npmjs.org/node-red-contrib-turf
33 verbose headers { 'content-type': 'application/json',
33 verbose headers   'cache-control': 'max-age=300',
33 verbose headers   'content-length': '95',
33 verbose headers   'accept-ranges': 'bytes',
33 verbose headers   date: 'Mon, 21 Mar 2016 06:51:52 GMT',
33 verbose headers   via: '1.1 varnish',
33 verbose headers   connection: 'keep-alive',
33 verbose headers   'x-served-by': 'cache-fra1225-FRA',
33 verbose headers   'x-cache': 'MISS',
33 verbose headers   'x-cache-hits': '0',
33 verbose headers   'x-timer': 'S1458543111.474995,VS0,VE1351' }
34 verbose request invalidating /root/.npm/registry.npmjs.org/node-red-contrib-turf on PUT
35 error publish Failed PUT 403
36 verbose stack Error: "You cannot publish over the previously published version 0.0.3." : node-red-contrib-turf
36 verbose stack     at makeError (/usr/local/lib/node_modules/npm/node_modules/npm-registry-client/lib/request.js:264:12)
36 verbose stack     at CachingRegistryClient.<anonymous> (/usr/local/lib/node_modules/npm/node_modules/npm-registry-client/lib/request.js:252:14)
36 verbose stack     at Request._callback (/usr/local/lib/node_modules/npm/node_modules/npm-registry-client/lib/request.js:172:14)
36 verbose stack     at Request.self.callback (/usr/local/lib/node_modules/npm/node_modules/request/request.js:198:22)
36 verbose stack     at emitTwo (events.js:87:13)
36 verbose stack     at Request.emit (events.js:172:7)
36 verbose stack     at Request.<anonymous> (/usr/local/lib/node_modules/npm/node_modules/request/request.js:1082:10)
36 verbose stack     at emitOne (events.js:82:20)
36 verbose stack     at Request.emit (events.js:169:7)
36 verbose stack     at IncomingMessage.<anonymous> (/usr/local/lib/node_modules/npm/node_modules/request/request.js:1009:12)
37 verbose statusCode 403
38 verbose pkgid node-red-contrib-turf
39 verbose cwd /home/pi/NodeJS/node-red-contrib-turf
40 error Linux 4.1.13-v7+
41 error argv "/usr/local/bin/node" "/usr/local/bin/npm" "publish" "./"
42 error node v5.4.1
43 error npm  v3.3.12
44 error code E403
45 error "You cannot publish over the previously published version 0.0.3." : node-red-contrib-turf
46 error If you need help, you may report this error at:
46 error     <https://github.com/npm/npm/issues>
47 verbose exit [ 1, true ]
